{"synthetic": false,
 "schemaVersion": "2025-09-10",
 "outputs":
 {"r": "13b707e9297e81c6.ir",
  "o":
  ["0e97353c35a0954e.olean",
   "ab9bc04d86137dc2.olean.server",
   "f5e06dfd0def3cf4.olean.private"],
  "i": "f3b16f1c0f554c74.ilean",
  "c": "f177c56b5e22fe3c.c"},
 "log":
 [{"message":
   ".> LEAN_PATH=/Users/aj/Documents/LeanResearch/.lake/packages/Cli/.lake/build/lib/lean:/Users/aj/Documents/LeanResearch/.lake/packages/batteries/.lake/build/lib/lean:/Users/aj/Documents/LeanResearch/.lake/packages/Qq/.lake/build/lib/lean:/Users/aj/Documents/LeanResearch/.lake/packages/aesop/.lake/build/lib/lean:/Users/aj/Documents/LeanResearch/.lake/packages/proofwidgets/.lake/build/lib/lean:/Users/aj/Documents/LeanResearch/.lake/packages/importGraph/.lake/build/lib/lean:/Users/aj/Documents/LeanResearch/.lake/packages/LeanSearchClient/.lake/build/lib/lean:/Users/aj/Documents/LeanResearch/.lake/packages/plausible/.lake/build/lib/lean:/Users/aj/Documents/mathlib4/.lake/build/lib/lean:/Users/aj/Documents/LeanResearch/.lake/build/lib/lean /Users/aj/.elan/toolchains/leanprover--lean4---v4.27.0-rc1/bin/lean /Users/aj/Documents/LeanResearch/PrFiles/LemmaForCeva.lean -o /Users/aj/Documents/LeanResearch/.lake/build/lib/lean/PrFiles/LemmaForCeva.olean -i /Users/aj/Documents/LeanResearch/.lake/build/lib/lean/PrFiles/LemmaForCeva.ilean -c /Users/aj/Documents/LeanResearch/.lake/build/ir/PrFiles/LemmaForCeva.c --setup /Users/aj/Documents/LeanResearch/.lake/build/ir/PrFiles/LemmaForCeva.setup.json --json",
   "level": "trace"}],
 "inputs":
 [["PrFiles.LemmaForCeva:deps",
   [["deps",
     [["LeanResearch/PrFiles:extraDep",
       [["@LeanResearch:extraDep", "00000000000006bb"]]],
      ["imports",
       [["Mathlib.LinearAlgebra.AffineSpace.AffineEquiv transitive imports (public)",
         "51d90cb5904a9bb3"],
        ["Mathlib.LinearAlgebra.AffineSpace.AffineEquiv:importArts",
         "7b1c3a10d4e9b1da"],
        ["Mathlib.LinearAlgebra.AffineSpace.AffineSubspace.Defs transitive imports (public)",
         "8b3e2b25431de05f"],
        ["Mathlib.LinearAlgebra.AffineSpace.AffineSubspace.Defs:importArts",
         "debeb8beb43b3870"]]]]],
    ["libs",
     [["import dynlibs", "00000000000006bb"],
      ["package external libraries", "00000000000006bb"],
      ["module dynlibs", "00000000000006bb"],
      ["module plugins", "00000000000006bb"]]]]],
  ["Lean 4.27.0, commit 2fcce7258eeb6e324366bc25f9058293b04b7547",
   "6f43b597efea5d4c"],
  ["/Users/aj/Documents/LeanResearch/PrFiles/LemmaForCeva.lean",
   "f023ac7c32839698"],
  ["options", "00000000000006bb"],
  ["Module.leanArgs: #[]", "00000000000006bb"]],
 "depHash": "cd9ff855812d150a"}